

*******************************************************************************
Sat Jun 20 19:29:05 2020


FIT:    data read from "out.plotB34vbv1.data" using 1:(log10($2))
        format = x:z
        x range restricted to [10.0000 : 500.000]
        #datapoints = 14
        residuals are weighted equally (unit weight)

function used for fitting: f(x)
	f(x) = log10((x/b1)**a1 + c1)
fitted parameters initialized with current variable values

   6 1.4158194467e+00  -2.61e-02  9.19e-07    3.007266e+01  -1.078324e+00

After 6 iterations the fit converged.
final sum of squares of residuals : 1.41582
rel. change during last iteration : -2.61435e-07

degrees of freedom    (FIT_NDF)                        : 12
rms of residuals      (FIT_STDFIT) = sqrt(WSSR/ndf)    : 0.343489
variance of residuals (reduced chisquare) = WSSR/ndf   : 0.117985

Final set of parameters            Asymptotic Standard Error
=======================            ==========================
b1              = 30.0727          +/- 2.425        (8.062%)
c1              = -1.07832         +/- 2.087        (193.5%)

correlation matrix of the fit parameters:
                b1     c1     
b1              1.000 
c1              0.578  1.000 


*******************************************************************************
Sat Jun 20 19:29:05 2020


FIT:    data read from "out.plotB34vbvn.data" using 1:(log10($2))
        format = x:z
        x range restricted to [10.0000 : 500.000]
        #datapoints = 8
        residuals are weighted equally (unit weight)

function used for fitting: g(x)
	g(x) = log10((x/b2)**a2 + c2)
fitted parameters initialized with current variable values

   5 6.3068672358e-02  -5.61e-01  9.01e-06    7.784838e+00  -2.058752e+01

After 5 iterations the fit converged.
final sum of squares of residuals : 0.0630687
rel. change during last iteration : -5.60837e-06

degrees of freedom    (FIT_NDF)                        : 6
rms of residuals      (FIT_STDFIT) = sqrt(WSSR/ndf)    : 0.102525
variance of residuals (reduced chisquare) = WSSR/ndf   : 0.0105114

Final set of parameters            Asymptotic Standard Error
=======================            ==========================
b2              = 7.78484          +/- 0.2599       (3.339%)
c2              = -20.5875         +/- 3.85         (18.7%)

correlation matrix of the fit parameters:
                b2     c2     
b2              1.000 
c2              0.867  1.000 


*******************************************************************************
Sat Jun 20 19:29:05 2020


FIT:    data read from "out.plotB34cyclic.data" using 1:(log10($2))
        format = x:z
        x range restricted to [10.0000 : 500.000]
        #datapoints = 15
        residuals are weighted equally (unit weight)

function used for fitting: h(x)
	h(x) = log10((x/b3)**a3 + c3)
fitted parameters initialized with current variable values

   6 2.0939615582e-02  -3.35e-02  9.10e-07    2.266334e+01  -9.407137e-02

After 6 iterations the fit converged.
final sum of squares of residuals : 0.0209396
rel. change during last iteration : -3.34922e-07

degrees of freedom    (FIT_NDF)                        : 13
rms of residuals      (FIT_STDFIT) = sqrt(WSSR/ndf)    : 0.040134
variance of residuals (reduced chisquare) = WSSR/ndf   : 0.00161074

Final set of parameters            Asymptotic Standard Error
=======================            ==========================
b3              = 22.6633          +/- 0.2105       (0.9287%)
c3              = -0.0940714       +/- 0.0952       (101.2%)

correlation matrix of the fit parameters:
                b3     c3     
b3              1.000 
c3              0.536  1.000 
