

*******************************************************************************
Fri Jun 19 14:58:16 2020


FIT:    data read from "out.plotC.time.data" using 1:(log10($2))
        format = x:z
        x range restricted to [20.0000 : 200.000]
        #datapoints = 11
        residuals are weighted equally (unit weight)

function used for fitting: f(x)
	f(x) = log10((x/b1)**a1 + c1)
fitted parameters initialized with current variable values

   5 3.4268622781e-02  -5.48e-01  1.60e-05    1.644413e+01   3.133164e+00   2.616214e+00

After 5 iterations the fit converged.
final sum of squares of residuals : 0.0342686
rel. change during last iteration : -5.48212e-06

degrees of freedom    (FIT_NDF)                        : 8
rms of residuals      (FIT_STDFIT) = sqrt(WSSR/ndf)    : 0.065449
variance of residuals (reduced chisquare) = WSSR/ndf   : 0.00428358

Final set of parameters            Asymptotic Standard Error
=======================            ==========================
b1              = 16.4441          +/- 1.141        (6.937%)
a1              = 3.13316          +/- 0.1233       (3.936%)
c1              = 2.61621          +/- 0.7861       (30.05%)

correlation matrix of the fit parameters:
                b1     a1     c1     
b1              1.000 
a1              0.964  1.000 
c1              0.764  0.708  1.000 


*******************************************************************************
Fri Jun 19 14:58:16 2020


FIT:    data read from "out.plotC.time.data" using 1:(log10($3))
        format = x:z
        x range restricted to [20.0000 : 200.000]
        #datapoints = 11
        residuals are weighted equally (unit weight)

function used for fitting: g(x)
	g(x) = log10((x/b2)**a2 + c2)
fitted parameters initialized with current variable values

   6 3.1685435850e-02  -2.15e-02  1.60e-06    1.857725e+01   3.179069e+00   1.260080e+00

After 6 iterations the fit converged.
final sum of squares of residuals : 0.0316854
rel. change during last iteration : -2.14957e-07

degrees of freedom    (FIT_NDF)                        : 8
rms of residuals      (FIT_STDFIT) = sqrt(WSSR/ndf)    : 0.0629339
variance of residuals (reduced chisquare) = WSSR/ndf   : 0.00396068

Final set of parameters            Asymptotic Standard Error
=======================            ==========================
b2              = 18.5772          +/- 1.074        (5.782%)
a2              = 3.17907          +/- 0.1133       (3.564%)
c2              = 1.26008          +/- 0.4532       (35.97%)

correlation matrix of the fit parameters:
                b2     a2     c2     
b2              1.000 
a2              0.955  1.000 
c2              0.776  0.716  1.000 


*******************************************************************************
Fri Jun 19 14:58:16 2020


FIT:    data read from "out.plotC.rotations.data" using 1:(log10($2))
        format = x:z
        x range restricted to [20.0000 : 200.000]
        #datapoints = 11
        residuals are weighted equally (unit weight)

function used for fitting: f(x)
	f(x) = log10((x/b1)**a1 + c1)
fitted parameters initialized with current variable values

  12 3.0483080973e-03  -1.47e-04  1.60e-08    5.941044e-01   2.081882e+00  -1.992016e+02

After 12 iterations the fit converged.
final sum of squares of residuals : 0.00304831
rel. change during last iteration : -1.4717e-09

degrees of freedom    (FIT_NDF)                        : 8
rms of residuals      (FIT_STDFIT) = sqrt(WSSR/ndf)    : 0.0195202
variance of residuals (reduced chisquare) = WSSR/ndf   : 0.000381039

Final set of parameters            Asymptotic Standard Error
=======================            ==========================
b1              = 0.594104         +/- 0.05529      (9.307%)
a1              = 2.08188          +/- 0.03809      (1.83%)
c1              = -199.202         +/- 125.5        (62.99%)

correlation matrix of the fit parameters:
                b1     a1     c1     
b1              1.000 
a1              0.996  1.000 
c1              0.895  0.869  1.000 


*******************************************************************************
Fri Jun 19 14:58:16 2020


FIT:    data read from "out.plotC.rotations.data" using 1:(log10($3))
        format = x:z
        x range restricted to [20.0000 : 200.000]
        #datapoints = 11
        residuals are weighted equally (unit weight)

function used for fitting: g(x)
	g(x) = log10((x/b2)**a2 + c2)
fitted parameters initialized with current variable values

  11 1.9434198085e-04  -2.46e-05  1.60e-08    6.204328e-01   2.032646e+00  -8.246243e+01

After 11 iterations the fit converged.
final sum of squares of residuals : 0.000194342
rel. change during last iteration : -2.4636e-10

degrees of freedom    (FIT_NDF)                        : 8
rms of residuals      (FIT_STDFIT) = sqrt(WSSR/ndf)    : 0.00492877
variance of residuals (reduced chisquare) = WSSR/ndf   : 2.42927e-05

Final set of parameters            Asymptotic Standard Error
=======================            ==========================
b2              = 0.620433         +/- 0.01532      (2.469%)
a2              = 2.03265          +/- 0.00991      (0.4876%)
c2              = -82.4624         +/- 25.66        (31.12%)

correlation matrix of the fit parameters:
                b2     a2     c2     
b2              1.000 
a2              0.996  1.000 
c2              0.896  0.871  1.000 
