

*******************************************************************************
Sat Jun 20 13:30:31 2020


FIT:    data read from "out.plot.PHL.circle.data" using (log10($1)):(log10($4))
        format = x:z
        #datapoints = 56
        residuals are weighted equally (unit weight)

function used for fitting: f(x)
	f(x) = b1 - a1*x
fitted parameters initialized with current variable values

   3 1.2251142964e+01  -2.79e-02  1.55e-03    6.181038e-02   5.225077e-01

After 3 iterations the fit converged.
final sum of squares of residuals : 12.2511
rel. change during last iteration : -2.78944e-07

degrees of freedom    (FIT_NDF)                        : 54
rms of residuals      (FIT_STDFIT) = sqrt(WSSR/ndf)    : 0.476312
variance of residuals (reduced chisquare) = WSSR/ndf   : 0.226873

Final set of parameters            Asymptotic Standard Error
=======================            ==========================
b1              = 0.0618104        +/- 0.1601       (259%)
a1              = 0.522508         +/- 0.04095      (7.838%)

correlation matrix of the fit parameters:
                b1     a1     
b1              1.000 
a1              0.918  1.000 


*******************************************************************************
Sat Jun 20 13:30:32 2020


FIT:    data read from "out.plot.PHL.circle.data" using (log10($1)):(log10($6))
        format = x:z
        #datapoints = 56
        residuals are weighted equally (unit weight)

function used for fitting: g(x)
	g(x) = b2 - a2*x
fitted parameters initialized with current variable values

   3 1.4284572708e+01  -3.49e-02  1.55e-03   -2.654163e-01   6.640056e-01

After 3 iterations the fit converged.
final sum of squares of residuals : 14.2846
rel. change during last iteration : -3.48584e-07

degrees of freedom    (FIT_NDF)                        : 54
rms of residuals      (FIT_STDFIT) = sqrt(WSSR/ndf)    : 0.514324
variance of residuals (reduced chisquare) = WSSR/ndf   : 0.264529

Final set of parameters            Asymptotic Standard Error
=======================            ==========================
b2              = -0.265416        +/- 0.1729       (65.14%)
a2              = 0.664006         +/- 0.04422      (6.66%)

correlation matrix of the fit parameters:
                b2     a2     
b2              1.000 
a2              0.918  1.000 


*******************************************************************************
Sat Jun 20 13:30:32 2020


FIT:    data read from "out.plot.PHL.circle.data" using (log10($1)):(log10($8))
        format = x:z
        #datapoints = 56
        residuals are weighted equally (unit weight)

function used for fitting: h(x)
	h(x) = b3 - a3*x
fitted parameters initialized with current variable values

   3 1.0167962756e+01  -2.06e-02  1.55e-03    8.632712e-02   7.029153e-01

After 3 iterations the fit converged.
final sum of squares of residuals : 10.168
rel. change during last iteration : -2.05519e-07

degrees of freedom    (FIT_NDF)                        : 54
rms of residuals      (FIT_STDFIT) = sqrt(WSSR/ndf)    : 0.43393
variance of residuals (reduced chisquare) = WSSR/ndf   : 0.188296

Final set of parameters            Asymptotic Standard Error
=======================            ==========================
b3              = 0.0863271        +/- 0.1459       (169%)
a3              = 0.702915         +/- 0.03731      (5.308%)

correlation matrix of the fit parameters:
                b3     a3     
b3              1.000 
a3              0.918  1.000 


*******************************************************************************
Sat Jun 20 13:30:32 2020


FIT:    data read from "out.plot.PHL.SimpleSin.data" using (log10($1)):(log10($4))
        format = x:z
        #datapoints = 56
        residuals are weighted equally (unit weight)

function used for fitting: f(x)
	f(x) = b1 - a1*x
fitted parameters initialized with current variable values

   3 7.5798070590e+00  -2.16e-04  1.55e-03    8.732936e-01   5.651031e-01

After 3 iterations the fit converged.
final sum of squares of residuals : 7.57981
rel. change during last iteration : -2.16284e-09

degrees of freedom    (FIT_NDF)                        : 54
rms of residuals      (FIT_STDFIT) = sqrt(WSSR/ndf)    : 0.374656
variance of residuals (reduced chisquare) = WSSR/ndf   : 0.140367

Final set of parameters            Asymptotic Standard Error
=======================            ==========================
b1              = 0.873294         +/- 0.1259       (14.42%)
a1              = 0.565103         +/- 0.03221      (5.7%)

correlation matrix of the fit parameters:
                b1     a1     
b1              1.000 
a1              0.918  1.000 


*******************************************************************************
Sat Jun 20 13:30:32 2020


FIT:    data read from "out.plot.PHL.SimpleSin.data" using (log10($1)):(log10($6))
        format = x:z
        #datapoints = 56
        residuals are weighted equally (unit weight)

function used for fitting: g(x)
	g(x) = b2 - a2*x
fitted parameters initialized with current variable values

   3 1.0149314325e+01  -3.97e-03  1.55e-03    8.389608e-01   9.895943e-01

After 3 iterations the fit converged.
final sum of squares of residuals : 10.1493
rel. change during last iteration : -3.97109e-08

degrees of freedom    (FIT_NDF)                        : 54
rms of residuals      (FIT_STDFIT) = sqrt(WSSR/ndf)    : 0.433532
variance of residuals (reduced chisquare) = WSSR/ndf   : 0.18795

Final set of parameters            Asymptotic Standard Error
=======================            ==========================
b2              = 0.838961         +/- 0.1457       (17.37%)
a2              = 0.989594         +/- 0.03727      (3.767%)

correlation matrix of the fit parameters:
                b2     a2     
b2              1.000 
a2              0.918  1.000 


*******************************************************************************
Sat Jun 20 13:30:32 2020


FIT:    data read from "out.plot.PHL.SimpleSin.data" using (log10($1)):(log10($8))
        format = x:z
        #datapoints = 56
        residuals are weighted equally (unit weight)

function used for fitting: h(x)
	h(x) = b3 - a3*x
fitted parameters initialized with current variable values

   3 1.1484531740e+01  -7.34e-03  1.55e-03    1.005044e+00   9.632707e-01

After 3 iterations the fit converged.
final sum of squares of residuals : 11.4845
rel. change during last iteration : -7.342e-08

degrees of freedom    (FIT_NDF)                        : 54
rms of residuals      (FIT_STDFIT) = sqrt(WSSR/ndf)    : 0.461169
variance of residuals (reduced chisquare) = WSSR/ndf   : 0.212677

Final set of parameters            Asymptotic Standard Error
=======================            ==========================
b3              = 1.00504          +/- 0.155        (15.42%)
a3              = 0.963271         +/- 0.03965      (4.116%)

correlation matrix of the fit parameters:
                b3     a3     
b3              1.000 
a3              0.918  1.000 


*******************************************************************************
Sat Jun 20 13:30:32 2020


FIT:    data read from "out.plot.PHL.Sphere.data" using (log10($1)):(log10($4))
        format = x:z
        #datapoints = 56
        residuals are weighted equally (unit weight)

function used for fitting: f(x)
	f(x) = b1 - a1*x
fitted parameters initialized with current variable values

   3 1.1247408434e+01  -3.50e-04  1.55e-03    7.955052e-01   6.092483e-01

After 3 iterations the fit converged.
final sum of squares of residuals : 11.2474
rel. change during last iteration : -3.5019e-09

degrees of freedom    (FIT_NDF)                        : 54
rms of residuals      (FIT_STDFIT) = sqrt(WSSR/ndf)    : 0.456383
variance of residuals (reduced chisquare) = WSSR/ndf   : 0.208285

Final set of parameters            Asymptotic Standard Error
=======================            ==========================
b1              = 0.795505         +/- 0.1534       (19.28%)
a1              = 0.609248         +/- 0.03924      (6.44%)

correlation matrix of the fit parameters:
                b1     a1     
b1              1.000 
a1              0.918  1.000 


*******************************************************************************
Sat Jun 20 13:30:32 2020


FIT:    data read from "out.plot.PHL.Sphere.data" using (log10($1)):(log10($6))
        format = x:z
        #datapoints = 56
        residuals are weighted equally (unit weight)

function used for fitting: g(x)
	g(x) = b2 - a2*x
fitted parameters initialized with current variable values

   3 1.1096502046e+01  -5.04e-04  1.55e-03    6.424208e-01   9.884799e-01

After 3 iterations the fit converged.
final sum of squares of residuals : 11.0965
rel. change during last iteration : -5.03835e-09

degrees of freedom    (FIT_NDF)                        : 54
rms of residuals      (FIT_STDFIT) = sqrt(WSSR/ndf)    : 0.453311
variance of residuals (reduced chisquare) = WSSR/ndf   : 0.205491

Final set of parameters            Asymptotic Standard Error
=======================            ==========================
b2              = 0.642421         +/- 0.1524       (23.72%)
a2              = 0.98848          +/- 0.03897      (3.943%)

correlation matrix of the fit parameters:
                b2     a2     
b2              1.000 
a2              0.918  1.000 


*******************************************************************************
Sat Jun 20 13:30:32 2020


FIT:    data read from "out.plot.PHL.Sphere.data" using (log10($1)):(log10($8))
        format = x:z
        #datapoints = 56
        residuals are weighted equally (unit weight)

function used for fitting: h(x)
	h(x) = b3 - a3*x
fitted parameters initialized with current variable values

   3 1.5903076365e+01  -2.44e-03  1.55e-03    8.180594e-01   1.004885e+00

After 3 iterations the fit converged.
final sum of squares of residuals : 15.9031
rel. change during last iteration : -2.43799e-08

degrees of freedom    (FIT_NDF)                        : 54
rms of residuals      (FIT_STDFIT) = sqrt(WSSR/ndf)    : 0.54268
variance of residuals (reduced chisquare) = WSSR/ndf   : 0.294501

Final set of parameters            Asymptotic Standard Error
=======================            ==========================
b3              = 0.818059         +/- 0.1824       (22.3%)
a3              = 1.00488          +/- 0.04666      (4.643%)

correlation matrix of the fit parameters:
                b3     a3     
b3              1.000 
a3              0.918  1.000 


*******************************************************************************
Sat Jun 20 13:30:32 2020


FIT:    data read from "out.plot.PHL.InverseCos.data" using (log10($1)):(log10($4))
        format = x:z
        #datapoints = 56
        residuals are weighted equally (unit weight)

function used for fitting: f(x)
	f(x) = b1 - a1*x
fitted parameters initialized with current variable values

   3 8.0314726147e+00  -9.31e-02  1.55e-03   -1.968827e-01   3.370965e-01

After 3 iterations the fit converged.
final sum of squares of residuals : 8.03147
rel. change during last iteration : -9.30619e-07

degrees of freedom    (FIT_NDF)                        : 54
rms of residuals      (FIT_STDFIT) = sqrt(WSSR/ndf)    : 0.385657
variance of residuals (reduced chisquare) = WSSR/ndf   : 0.148731

Final set of parameters            Asymptotic Standard Error
=======================            ==========================
b1              = -0.196883        +/- 0.1296       (65.84%)
a1              = 0.337096         +/- 0.03316      (9.836%)

correlation matrix of the fit parameters:
                b1     a1     
b1              1.000 
a1              0.918  1.000 


*******************************************************************************
Sat Jun 20 13:30:32 2020


FIT:    data read from "out.plot.PHL.InverseCos.data" using (log10($1)):(log10($6))
        format = x:z
        #datapoints = 56
        residuals are weighted equally (unit weight)

function used for fitting: g(x)
	g(x) = b2 - a2*x
fitted parameters initialized with current variable values

   3 4.1838862171e+00  -9.93e-02  1.55e-03    8.337966e-02   4.036787e-01

After 3 iterations the fit converged.
final sum of squares of residuals : 4.18389
rel. change during last iteration : -9.92723e-07

degrees of freedom    (FIT_NDF)                        : 54
rms of residuals      (FIT_STDFIT) = sqrt(WSSR/ndf)    : 0.278351
variance of residuals (reduced chisquare) = WSSR/ndf   : 0.0774794

Final set of parameters            Asymptotic Standard Error
=======================            ==========================
b2              = 0.0833797        +/- 0.09356      (112.2%)
a2              = 0.403679         +/- 0.02393      (5.928%)

correlation matrix of the fit parameters:
                b2     a2     
b2              1.000 
a2              0.918  1.000 


*******************************************************************************
Sat Jun 20 13:30:32 2020


FIT:    data read from "out.plot.PHL.InverseCos.data" using (log10($1)):(log10($8))
        format = x:z
        #datapoints = 56
        residuals are weighted equally (unit weight)

function used for fitting: h(x)
	h(x) = b3 - a3*x
fitted parameters initialized with current variable values

   3 4.7223416674e+00  -2.51e-01  1.55e-03   -4.614669e-01   2.474270e-01

After 3 iterations the fit converged.
final sum of squares of residuals : 4.72234
rel. change during last iteration : -2.51088e-06

degrees of freedom    (FIT_NDF)                        : 54
rms of residuals      (FIT_STDFIT) = sqrt(WSSR/ndf)    : 0.295721
variance of residuals (reduced chisquare) = WSSR/ndf   : 0.0874508

Final set of parameters            Asymptotic Standard Error
=======================            ==========================
b3              = -0.461467        +/- 0.0994       (21.54%)
a3              = 0.247427         +/- 0.02543      (10.28%)

correlation matrix of the fit parameters:
                b3     a3     
b3              1.000 
a3              0.918  1.000 
